<?xml version="1.0" encoding="UTF-8"?>
<!-- Generated by org.testng.reporters.JUnitReportReporter -->
<testsuite hostname="LAPTOP-ODC9LKHR" failures="0" tests="1" name="pack1.TestngDemo" time="0.011" errors="0" timestamp="2021-08-19T17:51:05 IST" skipped="0">
  <testcase classname="pack1.TestngDemo" name="add" time="0.011"/>
  <system-out/>
</testsuite> <!-- pack1.TestngDemo -->
